# JRE version: OpenJDK Runtime Environment (21.0.4) (build 21.0.4+-12508038-b607.1)
# Java VM: OpenJDK 64-Bit Server VM (21.0.4+-12508038-b607.1, mixed mode, tiered, compressed oops, compressed class ptrs, g1 gc, windows-amd64)
GC Precious Log:
 CardTable entry size: 512
 Card Set container configuration: InlinePtr #cards 5 size 8 Array Of Cards #cards 12 size 40 Howl #buckets 4 coarsen threshold 1843 Howl Bitmap #cards 512 size 80 coarsen threshold 460 Card regions per heap region 1 cards per card region 2048
 CPUs: 2 total, 2 available
 Memory: 3918M
 Large Page Support: Disabled
 NUMA Support: Disabled
 Compressed Oops: Enabled (32-bit)
 Heap Region Size: 1M
 Heap Min Capacity: 8M
 Heap Initial Capacity: 62M
 Heap Max Capacity: 2G
 Pre-touch: Disabled
 Parallel Workers: 2
 Concurrent Workers: 1
 Concurrent Refinement Workers: 2
 Periodic GC: Disabled
Heap:
 garbage-first heap   total 467968K, used 149504K [0x0000000080000000, 0x0000000100000000)
  region size 1024K, 3 young (3072K), 3 survivors (3072K)
 Metaspace       used 155218K, committed 157440K, reserved 1245184K
  class space    used 19489K, committed 20992K, reserved 1048576K
GC Heap History (20 events):
Event: 10665.559 GC heap after
{Heap after GC invocations=157 (full 0):
 garbage-first heap   total 475136K, used 135168K [0x0000000080000000, 0x0000000100000000)
  region size 1024K, 3 young (3072K), 3 survivors (3072K)
 Metaspace       used 154467K, committed 156736K, reserved 1245184K
  class space    used 19401K, committed 20992K, reserved 1048576K
}
Event: 10667.415 GC heap before
{Heap before GC invocations=157 (full 0):
 garbage-first heap   total 475136K, used 156672K [0x0000000080000000, 0x0000000100000000)
  region size 1024K, 23 young (23552K), 3 survivors (3072K)
 Metaspace       used 154482K, committed 156736K, reserved 1245184K
  class space    used 19403K, committed 20992K, reserved 1048576K
}
Event: 10667.736 GC heap after
{Heap after GC invocations=158 (full 0):
 garbage-first heap   total 475136K, used 142336K [0x0000000080000000, 0x0000000100000000)
  region size 1024K, 3 young (3072K), 3 survivors (3072K)
 Metaspace       used 154482K, committed 156736K, reserved 1245184K
  class space    used 19403K, committed 20992K, reserved 1048576K
}
Event: 10668.542 GC heap before
{Heap before GC invocations=158 (full 0):
 garbage-first heap   total 475136K, used 161792K [0x0000000080000000, 0x0000000100000000)
  region size 1024K, 23 young (23552K), 3 survivors (3072K)
 Metaspace       used 154483K, committed 156736K, reserved 1245184K
  class space    used 19403K, committed 20992K, reserved 1048576K
}
Event: 10669.010 GC heap after
{Heap after GC invocations=159 (full 0):
 garbage-first heap   total 475136K, used 147968K [0x0000000080000000, 0x0000000100000000)
  region size 1024K, 3 young (3072K), 3 survivors (3072K)
 Metaspace       used 154483K, committed 156736K, reserved 1245184K
  class space    used 19403K, committed 20992K, reserved 1048576K
}
Event: 10671.898 GC heap before
{Heap before GC invocations=159 (full 0):
 garbage-first heap   total 475136K, used 182784K [0x0000000080000000, 0x0000000100000000)
  region size 1024K, 23 young (23552K), 3 survivors (3072K)
 Metaspace       used 154536K, committed 156800K, reserved 1245184K
  class space    used 19408K, committed 20992K, reserved 1048576K
}
Event: 10672.245 GC heap after
{Heap after GC invocations=160 (full 0):
 garbage-first heap   total 475136K, used 155136K [0x0000000080000000, 0x0000000100000000)
  region size 1024K, 3 young (3072K), 3 survivors (3072K)
 Metaspace       used 154536K, committed 156800K, reserved 1245184K
  class space    used 19408K, committed 20992K, reserved 1048576K
}
Event: 10688.636 GC heap before
{Heap before GC invocations=160 (full 0):
 garbage-first heap   total 475136K, used 174592K [0x0000000080000000, 0x0000000100000000)
  region size 1024K, 23 young (23552K), 3 survivors (3072K)
 Metaspace       used 154833K, committed 157056K, reserved 1245184K
  class space    used 19449K, committed 20992K, reserved 1048576K
}
Event: 10688.856 GC heap after
{Heap after GC invocations=161 (full 0):
 garbage-first heap   total 475136K, used 155235K [0x0000000080000000, 0x0000000100000000)
  region size 1024K, 2 young (2048K), 2 survivors (2048K)
 Metaspace       used 154833K, committed 157056K, reserved 1245184K
  class space    used 19449K, committed 20992K, reserved 1048576K
}
Event: 11071.147 GC heap before
{Heap before GC invocations=161 (full 0):
 garbage-first heap   total 475136K, used 175715K [0x0000000080000000, 0x0000000100000000)
  region size 1024K, 23 young (23552K), 2 survivors (2048K)
 Metaspace       used 155210K, committed 157440K, reserved 1245184K
  class space    used 19505K, committed 20992K, reserved 1048576K
}
Event: 11079.430 GC heap after
{Heap after GC invocations=162 (full 0):
 garbage-first heap   total 475136K, used 156438K [0x0000000080000000, 0x0000000100000000)
  region size 1024K, 1 young (1024K), 1 survivors (1024K)
 Metaspace       used 155210K, committed 157440K, reserved 1245184K
  class space    used 19505K, committed 20992K, reserved 1048576K
}
Event: 11804.822 GC heap before
{Heap before GC invocations=163 (full 0):
 garbage-first heap   total 467968K, used 161558K [0x0000000080000000, 0x0000000100000000)
  region size 1024K, 22 young (22528K), 1 survivors (1024K)
 Metaspace       used 155117K, committed 157440K, reserved 1245184K
  class space    used 19484K, committed 20992K, reserved 1048576K
}
Event: 11805.496 GC heap after
{Heap after GC invocations=164 (full 0):
 garbage-first heap   total 467968K, used 140210K [0x0000000080000000, 0x0000000100000000)
  region size 1024K, 1 young (1024K), 1 survivors (1024K)
 Metaspace       used 155117K, committed 157440K, reserved 1245184K
  class space    used 19484K, committed 20992K, reserved 1048576K
}
Event: 11810.334 GC heap before
{Heap before GC invocations=164 (full 0):
 garbage-first heap   total 467968K, used 161714K [0x0000000080000000, 0x0000000100000000)
  region size 1024K, 22 young (22528K), 1 survivors (1024K)
 Metaspace       used 155145K, committed 157440K, reserved 1245184K
  class space    used 19486K, committed 20992K, reserved 1048576K
}
Event: 11810.402 GC heap after
{Heap after GC invocations=165 (full 0):
 garbage-first heap   total 467968K, used 138367K [0x0000000080000000, 0x0000000100000000)
  region size 1024K, 3 young (3072K), 3 survivors (3072K)
 Metaspace       used 155145K, committed 157440K, reserved 1245184K
  class space    used 19486K, committed 20992K, reserved 1048576K
}
Event: 11815.213 GC heap before
{Heap before GC invocations=165 (full 0):
 garbage-first heap   total 467968K, used 157823K [0x0000000080000000, 0x0000000100000000)
  region size 1024K, 22 young (22528K), 3 survivors (3072K)
 Metaspace       used 155177K, committed 157440K, reserved 1245184K
  class space    used 19488K, committed 20992K, reserved 1048576K
}
Event: 11815.370 GC heap after
{Heap after GC invocations=166 (full 0):
 garbage-first heap   total 467968K, used 137103K [0x0000000080000000, 0x0000000100000000)
  region size 1024K, 3 young (3072K), 3 survivors (3072K)
 Metaspace       used 155177K, committed 157440K, reserved 1245184K
  class space    used 19488K, committed 20992K, reserved 1048576K
}
Event: 11818.368 GC heap before
{Heap before GC invocations=166 (full 0):
 garbage-first heap   total 467968K, used 155535K [0x0000000080000000, 0x0000000100000000)
  region size 1024K, 22 young (22528K), 3 survivors (3072K)
 Metaspace       used 155216K, committed 157440K, reserved 1245184K
  class space    used 19489K, committed 20992K, reserved 1048576K
}
Event: 11818.600 GC heap after
{Heap after GC invocations=167 (full 0):
 garbage-first heap   total 467968K, used 135776K [0x0000000080000000, 0x0000000100000000)
  region size 1024K, 3 young (3072K), 3 survivors (3072K)
 Metaspace       used 155216K, committed 157440K, reserved 1245184K
  class space    used 19489K, committed 20992K, reserved 1048576K
}
Event: 11819.051 GC heap before
{Heap before GC invocations=167 (full 0):
 garbage-first heap   total 467968K, used 157280K [0x0000000080000000, 0x0000000100000000)
  region size 1024K, 22 young (22528K), 3 survivors (3072K)
 Metaspace       used 155218K, committed 157440K, reserved 1245184K
  class space    used 19489K, committed 20992K, reserved 1048576K
}

