# JRE version: OpenJDK Runtime Environment (21.0.4) (build 21.0.4+-12508038-b607.1)
# Java VM: OpenJDK 64-Bit Server VM (21.0.4+-12508038-b607.1, mixed mode, tiered, compressed oops, compressed class ptrs, g1 gc, windows-amd64)
GC Precious Log:
 CardTable entry size: 512
 Card Set container configuration: InlinePtr #cards 5 size 8 Array Of Cards #cards 12 size 40 Howl #buckets 4 coarsen threshold 1843 Howl Bitmap #cards 512 size 80 coarsen threshold 460 Card regions per heap region 1 cards per card region 2048
 CPUs: 2 total, 2 available
 Memory: 3918M
 Large Page Support: Disabled
 NUMA Support: Disabled
 Compressed Oops: Enabled (32-bit)
 Heap Region Size: 1M
 Heap Min Capacity: 8M
 Heap Initial Capacity: 62M
 Heap Max Capacity: 2G
 Pre-touch: Disabled
 Parallel Workers: 2
 Concurrent Workers: 1
 Concurrent Refinement Workers: 2
 Periodic GC: Disabled
Heap:
 garbage-first heap   total 137216K, used 104546K [0x0000000080000000, 0x0000000100000000)
  region size 1024K, 26 young (26624K), 5 survivors (5120K)
 Metaspace       used 107016K, committed 109120K, reserved 1179648K
  class space    used 14471K, committed 15552K, reserved 1048576K
GC Heap History (20 events):
Event: 139.356 GC heap before
{Heap before GC invocations=37 (full 0):
 garbage-first heap   total 109568K, used 100682K [0x0000000080000000, 0x0000000100000000)
  region size 1024K, 34 young (34816K), 2 survivors (2048K)
 Metaspace       used 83780K, committed 85632K, reserved 1179648K
  class space    used 11164K, committed 12096K, reserved 1048576K
}
Event: 139.378 GC heap after
{Heap after GC invocations=38 (full 0):
 garbage-first heap   total 111616K, used 73238K [0x0000000080000000, 0x0000000100000000)
  region size 1024K, 5 young (5120K), 5 survivors (5120K)
 Metaspace       used 83780K, committed 85632K, reserved 1179648K
  class space    used 11164K, committed 12096K, reserved 1048576K
}
Event: 139.487 GC heap before
{Heap before GC invocations=38 (full 0):
 garbage-first heap   total 111616K, used 75286K [0x0000000080000000, 0x0000000100000000)
  region size 1024K, 8 young (8192K), 5 survivors (5120K)
 Metaspace       used 83788K, committed 85632K, reserved 1179648K
  class space    used 11164K, committed 12096K, reserved 1048576K
}
Event: 139.505 GC heap after
{Heap after GC invocations=39 (full 0):
 garbage-first heap   total 111616K, used 74529K [0x0000000080000000, 0x0000000100000000)
  region size 1024K, 1 young (1024K), 1 survivors (1024K)
 Metaspace       used 83788K, committed 85632K, reserved 1179648K
  class space    used 11164K, committed 12096K, reserved 1048576K
}
Event: 141.343 GC heap before
{Heap before GC invocations=40 (full 0):
 garbage-first heap   total 121856K, used 98081K [0x0000000080000000, 0x0000000100000000)
  region size 1024K, 26 young (26624K), 1 survivors (1024K)
 Metaspace       used 85709K, committed 87616K, reserved 1179648K
  class space    used 11431K, committed 12416K, reserved 1048576K
}
Event: 141.350 GC heap after
{Heap after GC invocations=41 (full 0):
 garbage-first heap   total 121856K, used 73505K [0x0000000080000000, 0x0000000100000000)
  region size 1024K, 2 young (2048K), 2 survivors (2048K)
 Metaspace       used 85709K, committed 87616K, reserved 1179648K
  class space    used 11431K, committed 12416K, reserved 1048576K
}
Event: 143.127 GC heap before
{Heap before GC invocations=41 (full 0):
 garbage-first heap   total 121856K, used 107297K [0x0000000080000000, 0x0000000100000000)
  region size 1024K, 36 young (36864K), 2 survivors (2048K)
 Metaspace       used 88665K, committed 90496K, reserved 1179648K
  class space    used 11801K, committed 12736K, reserved 1048576K
}
Event: 143.138 GC heap after
{Heap after GC invocations=42 (full 0):
 garbage-first heap   total 121856K, used 74044K [0x0000000080000000, 0x0000000100000000)
  region size 1024K, 4 young (4096K), 4 survivors (4096K)
 Metaspace       used 88665K, committed 90496K, reserved 1179648K
  class space    used 11801K, committed 12736K, reserved 1048576K
}
Event: 144.808 GC heap before
{Heap before GC invocations=42 (full 0):
 garbage-first heap   total 121856K, used 107836K [0x0000000080000000, 0x0000000100000000)
  region size 1024K, 38 young (38912K), 4 survivors (4096K)
 Metaspace       used 90562K, committed 92416K, reserved 1179648K
  class space    used 12027K, committed 12992K, reserved 1048576K
}
Event: 144.827 GC heap after
{Heap after GC invocations=43 (full 0):
 garbage-first heap   total 121856K, used 77685K [0x0000000080000000, 0x0000000100000000)
  region size 1024K, 5 young (5120K), 5 survivors (5120K)
 Metaspace       used 90562K, committed 92416K, reserved 1179648K
  class space    used 12027K, committed 12992K, reserved 1048576K
}
Event: 149.658 GC heap before
{Heap before GC invocations=44 (full 0):
 garbage-first heap   total 130048K, used 110453K [0x0000000080000000, 0x0000000100000000)
  region size 1024K, 36 young (36864K), 5 survivors (5120K)
 Metaspace       used 92928K, committed 94848K, reserved 1179648K
  class space    used 12376K, committed 13376K, reserved 1048576K
}
Event: 149.674 GC heap after
{Heap after GC invocations=45 (full 0):
 garbage-first heap   total 130048K, used 79291K [0x0000000080000000, 0x0000000100000000)
  region size 1024K, 2 young (2048K), 2 survivors (2048K)
 Metaspace       used 92928K, committed 94848K, reserved 1179648K
  class space    used 12376K, committed 13376K, reserved 1048576K
}
Event: 151.034 GC heap before
{Heap before GC invocations=45 (full 0):
 garbage-first heap   total 130048K, used 117179K [0x0000000080000000, 0x0000000100000000)
  region size 1024K, 39 young (39936K), 2 survivors (2048K)
 Metaspace       used 96070K, committed 97984K, reserved 1179648K
  class space    used 12957K, committed 13952K, reserved 1048576K
}
Event: 151.046 GC heap after
{Heap after GC invocations=46 (full 0):
 garbage-first heap   total 130048K, used 79720K [0x0000000080000000, 0x0000000100000000)
  region size 1024K, 3 young (3072K), 3 survivors (3072K)
 Metaspace       used 96070K, committed 97984K, reserved 1179648K
  class space    used 12957K, committed 13952K, reserved 1048576K
}
Event: 152.601 GC heap before
{Heap before GC invocations=46 (full 0):
 garbage-first heap   total 130048K, used 119656K [0x0000000080000000, 0x0000000100000000)
  region size 1024K, 42 young (43008K), 3 survivors (3072K)
 Metaspace       used 99426K, committed 101440K, reserved 1179648K
  class space    used 13419K, committed 14464K, reserved 1048576K
}
Event: 152.616 GC heap after
{Heap after GC invocations=47 (full 0):
 garbage-first heap   total 130048K, used 81920K [0x0000000080000000, 0x0000000100000000)
  region size 1024K, 5 young (5120K), 5 survivors (5120K)
 Metaspace       used 99426K, committed 101440K, reserved 1179648K
  class space    used 13419K, committed 14464K, reserved 1048576K
}
Event: 155.003 GC heap before
{Heap before GC invocations=48 (full 0):
 garbage-first heap   total 137216K, used 116736K [0x0000000080000000, 0x0000000100000000)
  region size 1024K, 39 young (39936K), 5 survivors (5120K)
 Metaspace       used 101820K, committed 103872K, reserved 1179648K
  class space    used 13799K, committed 14848K, reserved 1048576K
}
Event: 155.022 GC heap after
{Heap after GC invocations=49 (full 0):
 garbage-first heap   total 137216K, used 83613K [0x0000000080000000, 0x0000000100000000)
  region size 1024K, 4 young (4096K), 4 survivors (4096K)
 Metaspace       used 101820K, committed 103872K, reserved 1179648K
  class space    used 13799K, committed 14848K, reserved 1048576K
}
Event: 156.505 GC heap before
{Heap before GC invocations=49 (full 0):
 garbage-first heap   total 137216K, used 124573K [0x0000000080000000, 0x0000000100000000)
  region size 1024K, 44 young (45056K), 4 survivors (4096K)
 Metaspace       used 105529K, committed 107584K, reserved 1179648K
  class space    used 14315K, committed 15360K, reserved 1048576K
}
Event: 156.528 GC heap after
{Heap after GC invocations=50 (full 0):
 garbage-first heap   total 137216K, used 85090K [0x0000000080000000, 0x0000000100000000)
  region size 1024K, 5 young (5120K), 5 survivors (5120K)
 Metaspace       used 105529K, committed 107584K, reserved 1179648K
  class space    used 14315K, committed 15360K, reserved 1048576K
}

