# JRE version: OpenJDK Runtime Environment (21.0.4) (build 21.0.4+-12508038-b607.1)
# Java VM: OpenJDK 64-Bit Server VM (21.0.4+-12508038-b607.1, mixed mode, tiered, compressed oops, compressed class ptrs, g1 gc, windows-amd64)
GC Precious Log:
 CardTable entry size: 512
 Card Set container configuration: InlinePtr #cards 5 size 8 Array Of Cards #cards 12 size 40 Howl #buckets 4 coarsen threshold 1843 Howl Bitmap #cards 512 size 80 coarsen threshold 460 Card regions per heap region 1 cards per card region 2048
 CPUs: 2 total, 2 available
 Memory: 3918M
 Large Page Support: Disabled
 NUMA Support: Disabled
 Compressed Oops: Enabled (32-bit)
 Heap Region Size: 1M
 Heap Min Capacity: 8M
 Heap Initial Capacity: 62M
 Heap Max Capacity: 2G
 Pre-touch: Disabled
 Parallel Workers: 2
 Concurrent Workers: 1
 Concurrent Refinement Workers: 2
 Periodic GC: Disabled
Heap:
 garbage-first heap   total 138240K, used 93122K [0x0000000080000000, 0x0000000100000000)
  region size 1024K, 4 young (4096K), 4 survivors (4096K)
 Metaspace       used 105470K, committed 107584K, reserved 1179648K
  class space    used 14237K, committed 15296K, reserved 1048576K
GC Heap History (20 events):
Event: 60.812 GC heap after
{Heap after GC invocations=37 (full 0):
 garbage-first heap   total 109568K, used 70483K [0x0000000080000000, 0x0000000100000000)
  region size 1024K, 2 young (2048K), 2 survivors (2048K)
 Metaspace       used 81990K, committed 83840K, reserved 1179648K
  class space    used 10939K, committed 11840K, reserved 1048576K
}
Event: 63.177 GC heap before
{Heap before GC invocations=37 (full 0):
 garbage-first heap   total 109568K, used 99155K [0x0000000080000000, 0x0000000100000000)
  region size 1024K, 30 young (30720K), 2 survivors (2048K)
 Metaspace       used 83572K, committed 85440K, reserved 1179648K
  class space    used 11145K, committed 12096K, reserved 1048576K
}
Event: 63.210 GC heap after
{Heap after GC invocations=38 (full 0):
 garbage-first heap   total 109568K, used 74157K [0x0000000080000000, 0x0000000100000000)
  region size 1024K, 4 young (4096K), 4 survivors (4096K)
 Metaspace       used 83572K, committed 85440K, reserved 1179648K
  class space    used 11145K, committed 12096K, reserved 1048576K
}
Event: 64.870 GC heap before
{Heap before GC invocations=39 (full 0):
 garbage-first heap   total 124928K, used 97709K [0x0000000080000000, 0x0000000100000000)
  region size 1024K, 27 young (27648K), 4 survivors (4096K)
 Metaspace       used 85548K, committed 87424K, reserved 1179648K
  class space    used 11400K, committed 12352K, reserved 1048576K
}
Event: 64.882 GC heap after
{Heap after GC invocations=40 (full 0):
 garbage-first heap   total 124928K, used 75506K [0x0000000080000000, 0x0000000100000000)
  region size 1024K, 1 young (1024K), 1 survivors (1024K)
 Metaspace       used 85548K, committed 87424K, reserved 1179648K
  class space    used 11400K, committed 12352K, reserved 1048576K
}
Event: 67.323 GC heap before
{Heap before GC invocations=40 (full 0):
 garbage-first heap   total 124928K, used 112370K [0x0000000080000000, 0x0000000100000000)
  region size 1024K, 37 young (37888K), 1 survivors (1024K)
 Metaspace       used 88401K, committed 90304K, reserved 1179648K
  class space    used 11852K, committed 12800K, reserved 1048576K
}
Event: 67.341 GC heap after
{Heap after GC invocations=41 (full 0):
 garbage-first heap   total 124928K, used 74262K [0x0000000080000000, 0x0000000100000000)
  region size 1024K, 2 young (2048K), 2 survivors (2048K)
 Metaspace       used 88401K, committed 90304K, reserved 1179648K
  class space    used 11852K, committed 12800K, reserved 1048576K
}
Event: 68.850 GC heap before
{Heap before GC invocations=41 (full 0):
 garbage-first heap   total 124928K, used 113174K [0x0000000080000000, 0x0000000100000000)
  region size 1024K, 40 young (40960K), 2 survivors (2048K)
 Metaspace       used 91577K, committed 93504K, reserved 1179648K
  class space    used 12371K, committed 13312K, reserved 1048576K
}
Event: 68.863 GC heap after
{Heap after GC invocations=42 (full 0):
 garbage-first heap   total 124928K, used 76106K [0x0000000080000000, 0x0000000100000000)
  region size 1024K, 4 young (4096K), 4 survivors (4096K)
 Metaspace       used 91577K, committed 93504K, reserved 1179648K
  class space    used 12371K, committed 13312K, reserved 1048576K
}
Event: 72.045 GC heap before
{Heap before GC invocations=43 (full 0):
 garbage-first heap   total 128000K, used 112970K [0x0000000080000000, 0x0000000100000000)
  region size 1024K, 40 young (40960K), 4 survivors (4096K)
 Metaspace       used 94363K, committed 96320K, reserved 1179648K
  class space    used 12787K, committed 13760K, reserved 1048576K
}
Event: 72.063 GC heap after
{Heap after GC invocations=44 (full 0):
 garbage-first heap   total 128000K, used 78559K [0x0000000080000000, 0x0000000100000000)
  region size 1024K, 5 young (5120K), 5 survivors (5120K)
 Metaspace       used 94363K, committed 96320K, reserved 1179648K
  class space    used 12787K, committed 13760K, reserved 1048576K
}
Event: 74.786 GC heap before
{Heap before GC invocations=44 (full 0):
 garbage-first heap   total 128000K, used 114399K [0x0000000080000000, 0x0000000100000000)
  region size 1024K, 40 young (40960K), 5 survivors (5120K)
 Metaspace       used 97236K, committed 99328K, reserved 1179648K
  class space    used 13243K, committed 14272K, reserved 1048576K
}
Event: 74.809 GC heap after
{Heap after GC invocations=45 (full 0):
 garbage-first heap   total 128000K, used 79055K [0x0000000080000000, 0x0000000100000000)
  region size 1024K, 4 young (4096K), 4 survivors (4096K)
 Metaspace       used 97236K, committed 99328K, reserved 1179648K
  class space    used 13243K, committed 14272K, reserved 1048576K
}
Event: 77.604 GC heap before
{Heap before GC invocations=45 (full 0):
 garbage-first heap   total 128000K, used 115919K [0x0000000080000000, 0x0000000100000000)
  region size 1024K, 40 young (40960K), 4 survivors (4096K)
 Metaspace       used 100475K, committed 102528K, reserved 1179648K
  class space    used 13661K, committed 14656K, reserved 1048576K
}
Event: 77.637 GC heap after
{Heap after GC invocations=46 (full 0):
 garbage-first heap   total 128000K, used 82082K [0x0000000080000000, 0x0000000100000000)
  region size 1024K, 5 young (5120K), 5 survivors (5120K)
 Metaspace       used 100475K, committed 102528K, reserved 1179648K
  class space    used 13661K, committed 14656K, reserved 1048576K
}
Event: 83.656 GC heap before
{Heap before GC invocations=47 (full 0):
 garbage-first heap   total 138240K, used 117922K [0x0000000080000000, 0x0000000100000000)
  region size 1024K, 36 young (36864K), 5 survivors (5120K)
 Metaspace       used 103479K, committed 105536K, reserved 1179648K
  class space    used 13921K, committed 14912K, reserved 1048576K
}
Event: 83.692 GC heap after
{Heap after GC invocations=48 (full 0):
 garbage-first heap   total 138240K, used 86810K [0x0000000080000000, 0x0000000100000000)
  region size 1024K, 5 young (5120K), 5 survivors (5120K)
 Metaspace       used 103479K, committed 105536K, reserved 1179648K
  class space    used 13921K, committed 14912K, reserved 1048576K
}
Event: 87.701 GC heap before
{Heap before GC invocations=48 (full 0):
 garbage-first heap   total 138240K, used 123674K [0x0000000080000000, 0x0000000100000000)
  region size 1024K, 42 young (43008K), 5 survivors (5120K)
 Metaspace       used 105215K, committed 107328K, reserved 1179648K
  class space    used 14186K, committed 15232K, reserved 1048576K
}
Event: 87.741 GC heap after
{Heap after GC invocations=49 (full 0):
 garbage-first heap   total 138240K, used 91410K [0x0000000080000000, 0x0000000100000000)
  region size 1024K, 6 young (6144K), 6 survivors (6144K)
 Metaspace       used 105215K, committed 107328K, reserved 1179648K
  class space    used 14186K, committed 15232K, reserved 1048576K
}
Event: 90.552 GC heap before
{Heap before GC invocations=49 (full 0):
 garbage-first heap   total 138240K, used 122130K [0x0000000080000000, 0x0000000100000000)
  region size 1024K, 37 young (37888K), 6 survivors (6144K)
 Metaspace       used 105470K, committed 107584K, reserved 1179648K
  class space    used 14237K, committed 15296K, reserved 1048576K
}

