# JRE version: OpenJDK Runtime Environment (21.0.4) (build 21.0.4+-12508038-b607.1)
# Java VM: OpenJDK 64-Bit Server VM (21.0.4+-12508038-b607.1, mixed mode, tiered, compressed oops, compressed class ptrs, g1 gc, windows-amd64)
GC Precious Log:
 CardTable entry size: 512
 Card Set container configuration: InlinePtr #cards 5 size 8 Array Of Cards #cards 12 size 40 Howl #buckets 4 coarsen threshold 1843 Howl Bitmap #cards 512 size 80 coarsen threshold 460 Card regions per heap region 1 cards per card region 2048
 CPUs: 2 total, 2 available
 Memory: 3918M
 Large Page Support: Disabled
 NUMA Support: Disabled
 Compressed Oops: Enabled (32-bit)
 Heap Region Size: 1M
 Heap Min Capacity: 8M
 Heap Initial Capacity: 62M
 Heap Max Capacity: 2G
 Pre-touch: Disabled
 Parallel Workers: 2
 Concurrent Workers: 1
 Concurrent Refinement Workers: 2
 Periodic GC: Disabled
Heap:
 garbage-first heap   total 104448K, used 73908K [0x0000000080000000, 0x0000000100000000)
  region size 1024K, 3 young (3072K), 3 survivors (3072K)
 Metaspace       used 79788K, committed 81600K, reserved 1179648K
  class space    used 10662K, committed 11584K, reserved 1048576K
GC Heap History (20 events):
Event: 31.524 GC heap after
{Heap after GC invocations=24 (full 0):
 garbage-first heap   total 76800K, used 46721K [0x0000000080000000, 0x0000000100000000)
  region size 1024K, 3 young (3072K), 3 survivors (3072K)
 Metaspace       used 65858K, committed 67456K, reserved 1114112K
  class space    used 8947K, committed 9792K, reserved 1048576K
}
Event: 32.723 GC heap before
{Heap before GC invocations=24 (full 0):
 garbage-first heap   total 76800K, used 67201K [0x0000000080000000, 0x0000000100000000)
  region size 1024K, 24 young (24576K), 3 survivors (3072K)
 Metaspace       used 65992K, committed 67648K, reserved 1114112K
  class space    used 8947K, committed 9792K, reserved 1048576K
}
Event: 32.733 GC heap after
{Heap after GC invocations=25 (full 0):
 garbage-first heap   total 76800K, used 46934K [0x0000000080000000, 0x0000000100000000)
  region size 1024K, 3 young (3072K), 3 survivors (3072K)
 Metaspace       used 65992K, committed 67648K, reserved 1114112K
  class space    used 8947K, committed 9792K, reserved 1048576K
}
Event: 33.641 GC heap before
{Heap before GC invocations=25 (full 0):
 garbage-first heap   total 76800K, used 67414K [0x0000000080000000, 0x0000000100000000)
  region size 1024K, 24 young (24576K), 3 survivors (3072K)
 Metaspace       used 66021K, committed 67648K, reserved 1114112K
  class space    used 8948K, committed 9792K, reserved 1048576K
}
Event: 33.661 GC heap after
{Heap after GC invocations=26 (full 0):
 garbage-first heap   total 76800K, used 47914K [0x0000000080000000, 0x0000000100000000)
  region size 1024K, 3 young (3072K), 3 survivors (3072K)
 Metaspace       used 66021K, committed 67648K, reserved 1114112K
  class space    used 8948K, committed 9792K, reserved 1048576K
}
Event: 34.565 GC heap before
{Heap before GC invocations=27 (full 0):
 garbage-first heap   total 80896K, used 68394K [0x0000000080000000, 0x0000000100000000)
  region size 1024K, 23 young (23552K), 3 survivors (3072K)
 Metaspace       used 66024K, committed 67648K, reserved 1114112K
  class space    used 8948K, committed 9792K, reserved 1048576K
}
Event: 34.576 GC heap after
{Heap after GC invocations=28 (full 0):
 garbage-first heap   total 97280K, used 48521K [0x0000000080000000, 0x0000000100000000)
  region size 1024K, 3 young (3072K), 3 survivors (3072K)
 Metaspace       used 66024K, committed 67648K, reserved 1114112K
  class space    used 8948K, committed 9792K, reserved 1048576K
}
Event: 36.409 GC heap before
{Heap before GC invocations=28 (full 0):
 garbage-first heap   total 97280K, used 91529K [0x0000000080000000, 0x0000000100000000)
  region size 1024K, 40 young (40960K), 3 survivors (3072K)
 Metaspace       used 67583K, committed 69248K, reserved 1114112K
  class space    used 9174K, committed 10048K, reserved 1048576K
}
Event: 36.430 GC heap after
{Heap after GC invocations=29 (full 0):
 garbage-first heap   total 103424K, used 59134K [0x0000000080000000, 0x0000000100000000)
  region size 1024K, 5 young (5120K), 5 survivors (5120K)
 Metaspace       used 67583K, committed 69248K, reserved 1114112K
  class space    used 9174K, committed 10048K, reserved 1048576K
}
Event: 36.492 GC heap before
{Heap before GC invocations=29 (full 0):
 garbage-first heap   total 103424K, used 60158K [0x0000000080000000, 0x0000000100000000)
  region size 1024K, 8 young (8192K), 5 survivors (5120K)
 Metaspace       used 67725K, committed 69376K, reserved 1114112K
  class space    used 9185K, committed 10048K, reserved 1048576K
}
Event: 36.496 GC heap after
{Heap after GC invocations=30 (full 0):
 garbage-first heap   total 103424K, used 59763K [0x0000000080000000, 0x0000000100000000)
  region size 1024K, 1 young (1024K), 1 survivors (1024K)
 Metaspace       used 67725K, committed 69376K, reserved 1114112K
  class space    used 9185K, committed 10048K, reserved 1048576K
}
Event: 37.431 GC heap before
{Heap before GC invocations=31 (full 0):
 garbage-first heap   total 103424K, used 83315K [0x0000000080000000, 0x0000000100000000)
  region size 1024K, 24 young (24576K), 1 survivors (1024K)
 Metaspace       used 69760K, committed 71424K, reserved 1114112K
  class space    used 9456K, committed 10304K, reserved 1048576K
}
Event: 37.436 GC heap after
{Heap after GC invocations=32 (full 0):
 garbage-first heap   total 103424K, used 61253K [0x0000000080000000, 0x0000000100000000)
  region size 1024K, 2 young (2048K), 2 survivors (2048K)
 Metaspace       used 69760K, committed 71424K, reserved 1114112K
  class space    used 9456K, committed 10304K, reserved 1048576K
}
Event: 38.192 GC heap before
{Heap before GC invocations=32 (full 0):
 garbage-first heap   total 103424K, used 84805K [0x0000000080000000, 0x0000000100000000)
  region size 1024K, 26 young (26624K), 2 survivors (2048K)
 Metaspace       used 72579K, committed 74240K, reserved 1114112K
  class space    used 9738K, committed 10560K, reserved 1048576K
}
Event: 38.203 GC heap after
{Heap after GC invocations=33 (full 0):
 garbage-first heap   total 103424K, used 61264K [0x0000000080000000, 0x0000000100000000)
  region size 1024K, 3 young (3072K), 3 survivors (3072K)
 Metaspace       used 72579K, committed 74240K, reserved 1114112K
  class space    used 9738K, committed 10560K, reserved 1048576K
}
Event: 39.104 GC heap before
{Heap before GC invocations=33 (full 0):
 garbage-first heap   total 103424K, used 87888K [0x0000000080000000, 0x0000000100000000)
  region size 1024K, 29 young (29696K), 3 survivors (3072K)
 Metaspace       used 75492K, committed 77184K, reserved 1179648K
  class space    used 10054K, committed 10880K, reserved 1048576K
}
Event: 39.111 GC heap after
{Heap after GC invocations=34 (full 0):
 garbage-first heap   total 103424K, used 61817K [0x0000000080000000, 0x0000000100000000)
  region size 1024K, 3 young (3072K), 3 survivors (3072K)
 Metaspace       used 75492K, committed 77184K, reserved 1179648K
  class space    used 10054K, committed 10880K, reserved 1048576K
}
Event: 40.119 GC heap before
{Heap before GC invocations=35 (full 0):
 garbage-first heap   total 104448K, used 93561K [0x0000000080000000, 0x0000000100000000)
  region size 1024K, 31 young (31744K), 3 survivors (3072K)
 Metaspace       used 78314K, committed 80128K, reserved 1179648K
  class space    used 10467K, committed 11392K, reserved 1048576K
}
Event: 40.136 GC heap after
{Heap after GC invocations=36 (full 0):
 garbage-first heap   total 104448K, used 70311K [0x0000000080000000, 0x0000000100000000)
  region size 1024K, 4 young (4096K), 4 survivors (4096K)
 Metaspace       used 78314K, committed 80128K, reserved 1179648K
  class space    used 10467K, committed 11392K, reserved 1048576K
}
Event: 41.026 GC heap before
{Heap before GC invocations=36 (full 0):
 garbage-first heap   total 104448K, used 91815K [0x0000000080000000, 0x0000000100000000)
  region size 1024K, 25 young (25600K), 4 survivors (4096K)
 Metaspace       used 79788K, committed 81600K, reserved 1179648K
  class space    used 10662K, committed 11584K, reserved 1048576K
}

